\BOOKMARK [-1][-]{part.1}{\376\377\000I\000\040\005\327\005\334\005\347\000\040\005\350\005\320\005\351\005\325\005\337\000\040\000-\000\040\005\336\005\350\005\327\005\321\005\331\005\335\000\040\005\351\005\336\005\325\005\350\005\331\005\335}{}% 1
\BOOKMARK [0][-]{chapter.1}{\376\377\005\336\005\330\005\350\005\331\005\346\005\325\005\352\000\040\005\336\005\331\005\331\005\346\005\322\005\325\005\352}{part.1}% 2
\BOOKMARK [1][-]{section.1.1}{\376\377\005\324\005\322\005\323\005\350\005\325\005\352\000\040\005\321\005\341\005\331\005\341\005\331\005\325\005\352}{chapter.1}% 3
\BOOKMARK [1][-]{section.1.2}{\376\377\005\322\005\350\005\342\005\331\005\337\000\040\005\325\005\352\005\336\005\325\005\340\005\324}{chapter.1}% 4
\BOOKMARK [0][-]{chapter.2}{\376\377\005\341\005\333\005\325\005\336\005\331\005\335\000\040\005\331\005\351\005\350\005\331\005\335\000,\000\040\005\324\005\323\005\330\005\350\005\336\005\331\005\340\005\340\005\330\005\324\000\040\005\325\005\334\005\333\005\341\005\331\005\340\005\325\005\352}{part.1}% 5
\BOOKMARK [1][-]{section.2.1}{\376\377\005\341\005\333\005\325\005\336\005\331\005\335\000\040\005\331\005\351\005\350\005\331\005\335}{chapter.2}% 6
\BOOKMARK [1][-]{section.2.2}{\376\377\005\324\005\323\005\330\005\350\005\336\005\331\005\340\005\340\005\330\005\324}{chapter.2}% 7
\BOOKMARK [1][-]{section.2.3}{\376\377\005\334\005\333\005\341\005\331\005\340\005\325\005\352}{chapter.2}% 8
\BOOKMARK [1][-]{section.2.4}{\376\377\005\336\005\350\005\327\005\321\005\331\005\335\000\040\005\351\005\336\005\325\005\350\005\331\005\335}{chapter.2}% 9
\BOOKMARK [0][-]{chapter.3}{\376\377\005\346\005\325\005\350\005\352\000\040\005\326\000'\005\325\005\350\005\323\005\337}{part.1}% 10
\BOOKMARK [1][-]{section.3.1}{\376\377\005\320\005\325\005\344\005\350\005\330\005\325\005\350\005\331\005\335\000\040\005\340\005\331\005\334\005\344\005\325\005\330\005\340\005\330\005\331\005\331\005\335}{chapter.3}% 11
\BOOKMARK [2][-]{subsection.3.1.1}{\376\377\005\336\005\346\005\331\005\320\005\352\000\040\005\321\005\341\005\331\005\341\000\040\005\326\000'\005\325\005\350\005\323\005\337\000\040\005\342\005\321\005\325\005\350\000\040\005\320\005\325\005\344\005\350\005\330\005\325\005\350\005\331\005\335\000\040\005\340\005\331\005\334\005\344\005\325\005\330\005\340\005\330\005\331\005\331\005\335}{section.3.1}% 12
\BOOKMARK [1][-]{section.3.2}{\376\377\005\336\005\351\005\344\005\330\000\040\005\326\000'\005\325\005\350\005\323\005\337\000\040\005\324\005\333\005\334\005\334\005\331}{chapter.3}% 13
\BOOKMARK [2][-]{subsection.3.2.1}{\376\377\005\336\005\346\005\331\005\320\005\352\000\040\005\321\005\341\005\331\005\341\000\040\005\326\000'\005\325\005\350\005\323\005\337\000\040\005\342\005\321\005\325\005\350\000\040\005\320\005\325\005\344\005\350\005\330\005\325\005\350\000\040\005\333\005\334\005\334\005\331}{section.3.2}% 14
\BOOKMARK [1][-]{section.3.3}{\376\377\005\324\005\344\005\325\005\334\005\331\005\340\005\325\005\335\000\040\005\324\005\336\005\331\005\340\005\331\005\336\005\334\005\331\000\040\005\325\005\344\005\331\005\350\005\325\005\347\000\040\005\344\005\350\005\331\005\336\005\350\005\331}{chapter.3}% 15
\BOOKMARK [-1][-]{part.2}{\376\377\000I\000I\000\040\005\327\005\334\005\347\000\040\005\351\005\340\005\331\000\040\000-\000\040\005\336\005\350\005\327\005\321\005\331\000\040\005\336\005\333\005\344\005\334\005\324\000\040\005\344\005\340\005\331\005\336\005\331\005\352\000\040\005\325\005\320\005\334\005\322\005\321\005\350\005\324\000\040\005\336\005\325\005\334\005\330\005\331\005\276\005\334\005\331\005\340\005\320\005\350\005\331\005\352}{}% 16
\BOOKMARK [0][-]{chapter.4}{\376\377\005\336\005\350\005\327\005\321\005\331\000\040\005\336\005\333\005\344\005\334\005\324\000\040\005\344\005\340\005\331\005\336\005\331\005\352}{part.2}% 17
\BOOKMARK [1][-]{section.4.1}{\376\377\005\336\005\325\005\330\005\331\005\321\005\346\005\331\005\324}{chapter.4}% 18
\BOOKMARK [1][-]{section.4.2}{\376\377\005\324\005\322\005\323\005\350\005\325\005\352}{chapter.4}% 19
\BOOKMARK [1][-]{section.4.3}{\376\377\005\352\005\333\005\325\005\340\005\325\005\352\000\040\005\351\005\334\000\040\005\336\005\333\005\344\005\334\005\325\005\352\000\040\005\344\005\340\005\331\005\336\005\331\005\325\005\352\000,\000\040\005\325\005\340\005\325\005\350\005\336\005\325\005\352}{chapter.4}% 20
\BOOKMARK [1][-]{section.4.4}{\376\377\005\336\005\330\005\350\005\331\005\347\005\325\005\352\000\040\005\325\005\340\005\331\005\346\005\321\005\325\005\352}{chapter.4}% 21
\BOOKMARK [1][-]{section.4.5}{\376\377\005\321\005\341\005\331\005\341\005\331\005\335\000\040\005\320\005\325\005\350\005\352\005\325\005\340\005\325\005\350\005\336\005\334\005\331\005\331\005\335\000\040\005\325\005\324\005\336\005\350\005\327\005\321\000\040\005\324\005\340\005\331\005\346\005\321}{chapter.4}% 22
\BOOKMARK [0][-]{chapter.5}{\376\377\005\320\005\325\005\344\005\350\005\330\005\325\005\350\005\331\005\335\000\040\005\342\005\334\000\040\005\336\005\350\005\327\005\321\005\331\000\040\005\336\005\333\005\344\005\334\005\324\000\040\005\344\005\340\005\331\005\336\005\331\005\352}{part.2}% 23
\BOOKMARK [1][-]{section.5.1}{\376\377\005\324\005\336\005\350\005\327\005\321\000\040\005\324\005\323\005\325\005\320\005\334\005\331\000,\000\040\005\325\005\336\005\351\005\344\005\330\000\040\005\324\005\324\005\346\005\322\005\324\000\040\005\351\005\334\000\040\005\350\005\331\005\341}{chapter.5}% 24
\BOOKMARK [1][-]{section.5.2}{\376\377\005\324\005\324\005\342\005\352\005\347\005\324\000\040\005\324\005\346\005\336\005\325\005\323\005\324}{chapter.5}% 25
\BOOKMARK [1][-]{section.5.3}{\376\377\005\320\005\325\005\344\005\350\005\330\005\325\005\350\005\331\005\335\000\040\005\320\005\325\005\340\005\331\005\330\005\350\005\331\005\331\005\335\000\040\005\325\005\320\005\325\005\350\005\352\005\325\005\322\005\325\005\340\005\334\005\331\005\331\005\335}{chapter.5}% 26
\BOOKMARK [1][-]{section.5.4}{\376\377\005\320\005\325\005\344\005\350\005\330\005\325\005\350\005\331\005\335\000\040\005\340\005\325\005\350\005\336\005\334\005\331\005\331\005\335\000\040\005\325\005\346\005\336\005\325\005\323\005\331\005\335\000\040\005\334\005\342\005\346\005\336\005\335\000,\000\040\005\325\005\336\005\351\005\344\005\330\000\040\005\324\005\344\005\331\005\350\005\325\005\347\000\040\005\324\005\341\005\344\005\347\005\330\005\350\005\334\005\331}{chapter.5}% 27
\BOOKMARK [1][-]{section.5.5}{\376\377\005\344\005\331\005\350\005\325\005\347\000\040\005\334\005\342\005\350\005\333\005\331\005\335\000\040\005\341\005\331\005\340\005\322\005\325\005\334\005\350\005\331\005\331\005\335\000\040\005\325\005\344\005\331\005\350\005\325\005\347\000\040\005\344\005\325\005\334\005\320\005\350\005\331}{chapter.5}% 28
\BOOKMARK [0][-]{chapter.6}{\376\377\005\352\005\321\005\340\005\331\005\325\005\352\000\040\005\321\005\331\005\334\005\331\005\340\005\320\005\350\005\331\005\325\005\352\000\040\005\325\005\350\005\331\005\321\005\325\005\342\005\331\005\325\005\352}{part.2}% 29
\BOOKMARK [1][-]{section.6.1}{\376\377\005\352\005\321\005\340\005\331\005\325\005\352\000\040\005\321\005\331\005\334\005\331\005\340\005\320\005\350\005\331\005\325\005\352}{chapter.6}% 30
\BOOKMARK [1][-]{section.6.2}{\376\377\005\327\005\325\005\347\000\040\005\324\005\320\005\331\005\340\005\350\005\346\005\331\005\324\000\040\005\351\005\334\000\040\005\341\005\331\005\334\005\321\005\341\005\330\005\350}{chapter.6}% 31
\BOOKMARK [2][-]{subsection.6.2.1}{\376\377\005\327\005\326\005\350\005\324}{section.6.2}% 32
\BOOKMARK [2][-]{subsection.6.2.2}{\376\377\005\352\005\350\005\322\005\331\005\334\005\331\005\335}{section.6.2}% 33
\BOOKMARK [1][-]{section.6.3}{\376\377\005\347\005\350\005\331\005\330\005\350\005\331\005\325\005\337\000\040\005\341\005\331\005\334\005\321\005\341\005\330\005\350}{chapter.6}% 34
\BOOKMARK [2][-]{subsection.6.3.1}{\376\377\005\327\005\326\005\350\005\324}{section.6.3}% 35
\BOOKMARK [2][-]{subsection.6.3.2}{\376\377\005\352\005\350\005\322\005\331\005\334\005\331\005\335}{section.6.3}% 36
